<?xml version="1.0" encoding="UTF-8"?>
<testng-results ignored="1" total="2" passed="1" failed="0" skipped="0">
  <reporter-output>
  </reporter-output>
  <suite started-at="2022-06-12T16:33:59 BST" name="Default suite" finished-at="2022-06-12T16:34:01 BST" duration-ms="2142">
    <groups>
    </groups>
    <test started-at="2022-06-12T16:33:59 BST" name="Default test" finished-at="2022-06-12T16:34:01 BST" duration-ms="2142">
      <class name="Runner.EmployeeTests">
        <test-method signature="getAllEmployeeDetails()[pri:0, instance:Runner.EmployeeTests@12e61fe6]" started-at="2022-06-12T16:33:59 BST" name="getAllEmployeeDetails" finished-at="2022-06-12T16:34:01 BST" duration-ms="2109" status="PASS">
          <reporter-output>
          </reporter-output>
        </test-method> <!-- getAllEmployeeDetails -->
      </class> <!-- Runner.EmployeeTests -->
    </test> <!-- Default test -->
  </suite> <!-- Default suite -->
</testng-results>
